<?xml version="1.0" encoding="utf-8"?><testsuites name="pytest tests"><testsuite name="pytest" errors="0" failures="0" skipped="1" tests="25" time="10.828" timestamp="2026-05-06T21:43:30.254442+00:00" hostname="agent-env-e046c82b-fc78-4cce-8914-71fda3edda3b"><testcase classname="backend.tests.test_iteration4.TestStoryPointsField" name="test_create_with_story_points" time="0.737" /><testcase classname="backend.tests.test_iteration4.TestStoryPointsField" name="test_create_without_story_points_defaults_none" time="0.446" /><testcase classname="backend.tests.test_iteration4.TestStoryPointsField" name="test_update_story_points_value" time="0.506" /><testcase classname="backend.tests.test_iteration4.TestStoryPointsField" name="test_update_story_points_to_null" time="0.470"><skipped type="pytest.xfail" message="Backend update_task strips None values; sending story_points=null does not clear the field. To support nulling, server.py would need to use exclude_unset and keep None." /></testcase><testcase classname="backend.tests.test_iteration4.TestStatsVelocity" name="test_stats_returns_new_velocity_fields" time="0.146" /><testcase classname="backend.tests.test_iteration4.TestStatsVelocity" name="test_stats_regression_old_fields" time="0.133" /><testcase classname="backend.tests.test_iteration4.TestStatsVelocity" name="test_active_task_with_sp_counts_in_points_active" time="0.640" /><testcase classname="backend.tests.test_iteration4.TestStatsVelocity" name="test_done_task_buckets_into_correct_week" time="0.495" /><testcase classname="backend.tests.test_iteration4.TestStatsVelocity" name="test_done_task_without_sp_counts_zero" time="0.551" /><testcase classname="backend.tests.test_iteration4.TestStatsVelocity" name="test_archived_done_task_still_counts_in_velocity" time="0.705" /><testcase classname="backend.tests.test_iteration4.TestStatsVelocity" name="test_done_task_outside_8week_window_not_in_weekly" time="0.669" /><testcase classname="backend.tests.test_iteration4.TestStatsVelocity" name="test_velocity_avg_matches_weekly_sum" time="0.136" /><testcase classname="backend.tests.backend_test.TestAuth" name="test_session_with_fake_id_returns_401" time="0.300" /><testcase classname="backend.tests.backend_test.TestAuth" name="test_me_without_credentials_returns_401" time="0.125" /><testcase classname="backend.tests.backend_test.TestAuth" name="test_me_with_bearer_returns_user" time="0.142" /><testcase classname="backend.tests.backend_test.TestTaskCRUD" name="test_create_returns_full_task" time="0.245" /><testcase classname="backend.tests.backend_test.TestTaskCRUD" name="test_get_task" time="0.266" /><testcase classname="backend.tests.backend_test.TestTaskCRUD" name="test_list_tasks" time="0.137" /><testcase classname="backend.tests.backend_test.TestTaskCRUD" name="test_update_task" time="0.129" /><testcase classname="backend.tests.backend_test.TestTaskCRUD" name="test_status_done_sets_actual_end_date" time="0.398" /><testcase classname="backend.tests.backend_test.TestTaskCRUD" name="test_archive_unarchive" time="0.886" /><testcase classname="backend.tests.backend_test.TestTaskCRUD" name="test_delete_task" time="0.408" /><testcase classname="backend.tests.backend_test.TestParentChild" name="test_delete_parent_unlinks_children" time="0.641" /><testcase classname="backend.tests.backend_test.TestStats" name="test_stats_structure" time="0.135" /><testcase classname="backend.tests.backend_test.TestUserScoping" name="test_user_cannot_read_other_user_task" time="1.105" /></testsuite></testsuites>