<?xml version="1.0" encoding="utf-8"?><testsuites name="pytest tests"><testsuite name="pytest" errors="0" failures="0" skipped="0" tests="13" time="5.934" timestamp="2026-05-06T20:58:01.996508+00:00" hostname="agent-env-e046c82b-fc78-4cce-8914-71fda3edda3b"><testcase classname="backend.tests.backend_test.TestAuth" name="test_session_with_fake_id_returns_401" time="0.512" /><testcase classname="backend.tests.backend_test.TestAuth" name="test_me_without_credentials_returns_401" time="0.222" /><testcase classname="backend.tests.backend_test.TestAuth" name="test_me_with_bearer_returns_user" time="0.214" /><testcase classname="backend.tests.backend_test.TestTaskCRUD" name="test_create_returns_full_task" time="0.331" /><testcase classname="backend.tests.backend_test.TestTaskCRUD" name="test_get_task" time="0.378" /><testcase classname="backend.tests.backend_test.TestTaskCRUD" name="test_list_tasks" time="0.145" /><testcase classname="backend.tests.backend_test.TestTaskCRUD" name="test_update_task" time="0.158" /><testcase classname="backend.tests.backend_test.TestTaskCRUD" name="test_status_done_sets_actual_end_date" time="0.560" /><testcase classname="backend.tests.backend_test.TestTaskCRUD" name="test_archive_unarchive" time="0.554" /><testcase classname="backend.tests.backend_test.TestTaskCRUD" name="test_delete_task" time="0.395" /><testcase classname="backend.tests.backend_test.TestParentChild" name="test_delete_parent_unlinks_children" time="0.898" /><testcase classname="backend.tests.backend_test.TestStats" name="test_stats_structure" time="0.223" /><testcase classname="backend.tests.backend_test.TestUserScoping" name="test_user_cannot_read_other_user_task" time="1.107" /></testsuite></testsuites>